mode: atomic
task-manager/internal/application/port/out/idgen.go:9.41,11.2 1 0
task-manager/internal/application/port/out/idgen.go:15.41,17.2 1 0
task-manager/cmd/run.go:18.12,38.58 13 0
task-manager/cmd/run.go:38.58,40.3 1 0
task-manager/main.go:5.13,7.2 1 0
task-manager/internal/adapter/outbound/idgen/uuidgen.go:11.40,13.2 1 0
task-manager/internal/adapter/outbound/idgen/uuidgen.go:15.47,17.2 1 0
task-manager/internal/common/logger/logger.go:11.26,13.2 1 0
task-manager/internal/common/logger/logger.go:15.47,16.24 1 0
task-manager/internal/common/logger/logger.go:16.24,18.3 1 0
task-manager/internal/common/logger/logger.go:19.2,19.46 1 0
task-manager/internal/common/logger/logger.go:22.48,23.24 1 0
task-manager/internal/common/logger/logger.go:23.24,25.3 1 0
task-manager/internal/common/logger/logger.go:26.2,26.47 1 0
task-manager/docs/docs.go:262.13,264.2 1 0
task-manager/internal/domain/status.go:29.32,30.11 1 0
task-manager/internal/domain/status.go:31.51,32.14 1 0
task-manager/internal/domain/status.go:34.2,34.14 1 0
task-manager/internal/domain/status.go:37.46,39.18 2 0
task-manager/internal/domain/status.go:39.18,41.3 1 0
task-manager/internal/domain/status.go:42.2,42.15 1 0
task-manager/internal/domain/status.go:45.35,47.2 1 0
task-manager/internal/domain/task.go:22.31,28.2 1 0
task-manager/internal/domain/task.go:30.30,31.25 1 0
task-manager/internal/domain/task.go:31.25,33.3 1 0
task-manager/internal/domain/task.go:34.2,37.12 4 0
task-manager/internal/domain/task.go:40.46,41.25 1 0
task-manager/internal/domain/task.go:41.25,43.3 1 0
task-manager/internal/domain/task.go:44.2,48.12 5 0
task-manager/internal/domain/task.go:52.38,53.25 1 0
task-manager/internal/domain/task.go:53.25,55.3 1 0
task-manager/internal/domain/task.go:56.2,61.12 6 0
task-manager/internal/domain/task.go:64.31,65.48 1 0
task-manager/internal/domain/task.go:65.48,67.3 1 0
task-manager/internal/domain/task.go:68.2,73.12 6 0
task-manager/internal/domain/task.go:76.41,77.24 1 0
task-manager/internal/domain/task.go:77.24,79.3 1 0
task-manager/internal/domain/task.go:80.2,80.25 1 0
task-manager/internal/domain/task.go:80.25,82.3 1 0
task-manager/internal/domain/task.go:83.2,83.39 1 0
task-manager/internal/adapter/outbound/memstore/repo.go:14.42,18.2 1 1
task-manager/internal/adapter/outbound/memstore/repo.go:20.74,25.2 4 1
task-manager/internal/adapter/outbound/memstore/repo.go:27.92,32.9 4 3
task-manager/internal/adapter/outbound/memstore/repo.go:32.9,34.3 1 1
task-manager/internal/adapter/outbound/memstore/repo.go:35.2,35.33 1 2
task-manager/internal/adapter/outbound/memstore/repo.go:38.78,42.30 3 2
task-manager/internal/adapter/outbound/memstore/repo.go:42.30,44.3 1 1
task-manager/internal/adapter/outbound/memstore/repo.go:45.2,46.12 2 1
task-manager/internal/adapter/outbound/memstore/repo.go:49.77,54.25 4 1
task-manager/internal/adapter/outbound/memstore/repo.go:54.25,56.3 1 1
task-manager/internal/adapter/outbound/memstore/repo.go:57.2,57.17 1 1
task-manager/internal/adapter/outbound/memstore/repo.go:60.45,63.24 2 2
task-manager/internal/adapter/outbound/memstore/repo.go:63.24,66.3 2 0
task-manager/internal/adapter/outbound/memstore/repo.go:67.2,67.25 1 2
task-manager/internal/adapter/outbound/memstore/repo.go:67.25,70.3 2 0
task-manager/internal/adapter/outbound/memstore/repo.go:71.2,71.21 1 2
task-manager/internal/adapter/outbound/memstore/repo.go:71.21,74.3 2 0
task-manager/internal/adapter/outbound/memstore/repo.go:75.2,75.18 1 2
task-manager/internal/adapter/outbound/memstore/repo.go:75.18,78.3 2 0
task-manager/internal/adapter/outbound/memstore/repo.go:80.2,80.11 1 2
task-manager/internal/adapter/outbound/memstore/scheduler.go:20.63,26.2 1 0
task-manager/internal/adapter/outbound/memstore/scheduler.go:28.71,35.12 5 0
task-manager/internal/adapter/outbound/memstore/scheduler.go:35.12,37.17 2 0
task-manager/internal/adapter/outbound/memstore/scheduler.go:37.17,40.4 2 0
task-manager/internal/adapter/outbound/memstore/scheduler.go:41.3,41.38 1 0
task-manager/internal/adapter/outbound/memstore/scheduler.go:41.38,44.4 2 0
task-manager/internal/adapter/outbound/memstore/scheduler.go:45.3,50.10 3 0
task-manager/internal/adapter/outbound/memstore/scheduler.go:51.28,53.18 2 0
task-manager/internal/adapter/outbound/memstore/scheduler.go:53.18,56.5 2 0
task-manager/internal/adapter/outbound/memstore/scheduler.go:57.4,58.28 2 0
task-manager/internal/adapter/outbound/memstore/scheduler.go:60.25,62.18 2 0
task-manager/internal/adapter/outbound/memstore/scheduler.go:62.18,65.5 2 0
task-manager/internal/adapter/outbound/memstore/scheduler.go:66.4,67.41 2 0
task-manager/internal/adapter/outbound/memstore/scheduler.go:70.3,72.16 3 0
task-manager/internal/adapter/outbound/memstore/scheduler.go:76.69,81.8 4 0
task-manager/internal/adapter/outbound/memstore/scheduler.go:81.8,83.3 1 0
task-manager/internal/application/port/out/idgen.go:9.41,11.2 1 0
task-manager/internal/application/port/out/idgen.go:15.41,17.2 1 0
task-manager/internal/common/logger/logger.go:11.26,13.2 1 0
task-manager/internal/common/logger/logger.go:15.47,16.24 1 0
task-manager/internal/common/logger/logger.go:16.24,18.3 1 0
task-manager/internal/common/logger/logger.go:19.2,19.46 1 0
task-manager/internal/common/logger/logger.go:22.48,23.24 1 0
task-manager/internal/common/logger/logger.go:23.24,25.3 1 0
task-manager/internal/common/logger/logger.go:26.2,26.47 1 0
task-manager/internal/domain/status.go:29.32,30.11 1 0
task-manager/internal/domain/status.go:31.51,32.14 1 0
task-manager/internal/domain/status.go:34.2,34.14 1 0
task-manager/internal/domain/status.go:37.46,39.18 2 0
task-manager/internal/domain/status.go:39.18,41.3 1 0
task-manager/internal/domain/status.go:42.2,42.15 1 0
task-manager/internal/domain/status.go:45.35,47.2 1 0
task-manager/internal/domain/task.go:22.31,28.2 1 1
task-manager/internal/domain/task.go:30.30,31.25 1 0
task-manager/internal/domain/task.go:31.25,33.3 1 0
task-manager/internal/domain/task.go:34.2,37.12 4 0
task-manager/internal/domain/task.go:40.46,41.25 1 0
task-manager/internal/domain/task.go:41.25,43.3 1 0
task-manager/internal/domain/task.go:44.2,48.12 5 0
task-manager/internal/domain/task.go:52.38,53.25 1 0
task-manager/internal/domain/task.go:53.25,55.3 1 0
task-manager/internal/domain/task.go:56.2,61.12 6 0
task-manager/internal/domain/task.go:64.31,65.48 1 0
task-manager/internal/domain/task.go:65.48,67.3 1 0
task-manager/internal/domain/task.go:68.2,73.12 6 0
task-manager/internal/domain/task.go:76.41,77.24 1 0
task-manager/internal/domain/task.go:77.24,79.3 1 0
task-manager/internal/domain/task.go:80.2,80.25 1 0
task-manager/internal/domain/task.go:80.25,82.3 1 0
task-manager/internal/domain/task.go:83.2,83.39 1 0
task-manager/internal/application/port/out/idgen.go:9.41,11.2 1 1
task-manager/internal/application/port/out/idgen.go:15.41,17.2 1 1
task-manager/internal/application/service/create_task.go:21.22,23.2 1 1
task-manager/internal/application/service/create_task.go:25.106,29.47 3 1
task-manager/internal/application/service/create_task.go:29.47,32.3 2 0
task-manager/internal/application/service/create_task.go:34.2,35.16 2 1
task-manager/internal/application/service/delete_task.go:16.100,18.2 1 1
task-manager/internal/application/service/delete_task.go:20.89,22.16 2 2
task-manager/internal/application/service/delete_task.go:22.16,25.3 2 0
task-manager/internal/application/service/delete_task.go:27.2,27.18 1 2
task-manager/internal/application/service/delete_task.go:28.38,30.38 2 1
task-manager/internal/application/service/delete_task.go:30.38,33.4 2 0
task-manager/internal/application/service/delete_task.go:34.3,34.29 1 1
task-manager/internal/application/service/delete_task.go:35.10,36.36 1 1
task-manager/internal/application/service/get_task.go:16.65,18.2 1 1
task-manager/internal/application/service/get_task.go:20.93,22.16 2 1
task-manager/internal/application/service/get_task.go:22.16,25.3 2 0
task-manager/internal/application/service/get_task.go:27.2,39.8 5 1
task-manager/internal/application/service/list_tasks.go:15.69,17.2 1 1
task-manager/internal/application/service/list_tasks.go:19.106,21.16 2 1
task-manager/internal/application/service/list_tasks.go:21.16,23.3 1 0
task-manager/internal/application/service/list_tasks.go:25.2,26.25 2 1
task-manager/internal/application/service/list_tasks.go:26.25,28.17 2 2
task-manager/internal/application/service/list_tasks.go:28.17,30.4 1 0
task-manager/internal/application/service/list_tasks.go:32.3,42.4 5 2
task-manager/internal/application/service/list_tasks.go:44.2,44.23 1 1
task-manager/internal/common/logger/logger.go:11.26,13.2 1 0
task-manager/internal/common/logger/logger.go:15.47,16.24 1 0
task-manager/internal/common/logger/logger.go:16.24,18.3 1 0
task-manager/internal/common/logger/logger.go:19.2,19.46 1 0
task-manager/internal/common/logger/logger.go:22.48,23.24 1 0
task-manager/internal/common/logger/logger.go:23.24,25.3 1 0
task-manager/internal/common/logger/logger.go:26.2,26.47 1 0
task-manager/internal/domain/status.go:29.32,30.11 1 0
task-manager/internal/domain/status.go:31.51,32.14 1 0
task-manager/internal/domain/status.go:34.2,34.14 1 0
task-manager/internal/domain/status.go:37.46,39.18 2 0
task-manager/internal/domain/status.go:39.18,41.3 1 0
task-manager/internal/domain/status.go:42.2,42.15 1 0
task-manager/internal/domain/status.go:45.35,47.2 1 0
task-manager/internal/domain/task.go:22.31,28.2 1 6
task-manager/internal/domain/task.go:30.30,31.25 1 2
task-manager/internal/domain/task.go:31.25,33.3 1 0
task-manager/internal/domain/task.go:34.2,37.12 4 2
task-manager/internal/domain/task.go:40.46,41.25 1 2
task-manager/internal/domain/task.go:41.25,43.3 1 0
task-manager/internal/domain/task.go:44.2,48.12 5 2
task-manager/internal/domain/task.go:52.38,53.25 1 0
task-manager/internal/domain/task.go:53.25,55.3 1 0
task-manager/internal/domain/task.go:56.2,61.12 6 0
task-manager/internal/domain/task.go:64.31,65.48 1 1
task-manager/internal/domain/task.go:65.48,67.3 1 0
task-manager/internal/domain/task.go:68.2,73.12 6 1
task-manager/internal/domain/task.go:76.41,77.24 1 3
task-manager/internal/domain/task.go:77.24,79.3 1 2
task-manager/internal/domain/task.go:80.2,80.25 1 1
task-manager/internal/domain/task.go:80.25,82.3 1 0
task-manager/internal/domain/task.go:83.2,83.39 1 1
task-manager/internal/adapter/outbound/idgen/uuidgen.go:11.40,13.2 1 1
task-manager/internal/adapter/outbound/idgen/uuidgen.go:15.47,17.2 1 1
task-manager/internal/application/port/out/idgen.go:9.41,11.2 1 0
task-manager/internal/application/port/out/idgen.go:15.41,17.2 1 0
task-manager/internal/common/logger/logger.go:11.26,13.2 1 1
task-manager/internal/common/logger/logger.go:15.47,16.24 1 8
task-manager/internal/common/logger/logger.go:16.24,18.3 1 0
task-manager/internal/common/logger/logger.go:19.2,19.46 1 8
task-manager/internal/common/logger/logger.go:22.48,23.24 1 1
task-manager/internal/common/logger/logger.go:23.24,25.3 1 0
task-manager/internal/common/logger/logger.go:26.2,26.47 1 1
task-manager/internal/domain/status.go:29.32,30.11 1 0
task-manager/internal/domain/status.go:31.51,32.14 1 0
task-manager/internal/domain/status.go:34.2,34.14 1 0
task-manager/internal/domain/status.go:37.46,39.18 2 0
task-manager/internal/domain/status.go:39.18,41.3 1 0
task-manager/internal/domain/status.go:42.2,42.15 1 0
task-manager/internal/domain/status.go:45.35,47.2 1 0
task-manager/internal/domain/task.go:22.31,28.2 1 1
task-manager/internal/domain/task.go:30.30,31.25 1 1
task-manager/internal/domain/task.go:31.25,33.3 1 0
task-manager/internal/domain/task.go:34.2,37.12 4 1
task-manager/internal/domain/task.go:40.46,41.25 1 1
task-manager/internal/domain/task.go:41.25,43.3 1 0
task-manager/internal/domain/task.go:44.2,48.12 5 1
task-manager/internal/domain/task.go:52.38,53.25 1 0
task-manager/internal/domain/task.go:53.25,55.3 1 0
task-manager/internal/domain/task.go:56.2,61.12 6 0
task-manager/internal/domain/task.go:64.31,65.48 1 0
task-manager/internal/domain/task.go:65.48,67.3 1 0
task-manager/internal/domain/task.go:68.2,73.12 6 0
task-manager/internal/domain/task.go:76.41,77.24 1 1
task-manager/internal/domain/task.go:77.24,79.3 1 0
task-manager/internal/domain/task.go:80.2,80.25 1 1
task-manager/internal/domain/task.go:80.25,82.3 1 0
task-manager/internal/domain/task.go:83.2,83.39 1 1
task-manager/internal/adapter/inbound/http/handler.go:25.16,32.2 1 8
task-manager/internal/adapter/inbound/http/handler.go:45.75,51.18 4 3
task-manager/internal/adapter/inbound/http/handler.go:52.23,53.23 1 1
task-manager/internal/adapter/inbound/http/handler.go:54.22,55.21 1 1
task-manager/internal/adapter/inbound/http/handler.go:56.10,57.79 1 1
task-manager/internal/adapter/inbound/http/handler.go:60.2,61.67 2 3
task-manager/internal/adapter/inbound/http/handler.go:65.78,72.14 5 5
task-manager/internal/adapter/inbound/http/handler.go:72.14,75.3 2 0
task-manager/internal/adapter/inbound/http/handler.go:77.2,77.18 1 5
task-manager/internal/adapter/inbound/http/handler.go:78.22,79.39 1 2
task-manager/internal/adapter/inbound/http/handler.go:80.25,81.42 1 2
task-manager/internal/adapter/inbound/http/handler.go:82.10,83.79 1 1
task-manager/internal/adapter/inbound/http/handler.go:86.2,87.67 2 5
task-manager/internal/adapter/inbound/http/handler.go:99.76,101.16 2 1
task-manager/internal/adapter/inbound/http/handler.go:101.16,104.3 2 0
task-manager/internal/adapter/inbound/http/handler.go:106.2,111.4 2 1
task-manager/internal/adapter/inbound/http/handler.go:121.74,123.16 2 1
task-manager/internal/adapter/inbound/http/handler.go:123.16,126.3 2 0
task-manager/internal/adapter/inbound/http/handler.go:128.2,129.32 2 1
task-manager/internal/adapter/inbound/http/handler.go:142.91,144.16 2 2
task-manager/internal/adapter/inbound/http/handler.go:144.16,145.36 1 1
task-manager/internal/adapter/inbound/http/handler.go:145.36,147.4 1 1
task-manager/internal/adapter/inbound/http/handler.go:147.9,149.4 1 0
task-manager/internal/adapter/inbound/http/handler.go:150.3,150.9 1 1
task-manager/internal/adapter/inbound/http/handler.go:153.2,154.32 2 1
task-manager/internal/adapter/inbound/http/handler.go:166.94,168.16 2 2
task-manager/internal/adapter/inbound/http/handler.go:168.16,169.36 1 1
task-manager/internal/adapter/inbound/http/handler.go:169.36,171.4 1 1
task-manager/internal/adapter/inbound/http/handler.go:171.9,173.4 1 0
task-manager/internal/adapter/inbound/http/handler.go:174.3,174.9 1 1
task-manager/internal/adapter/inbound/http/handler.go:177.2,177.37 1 1
task-manager/internal/adapter/inbound/http/router.go:7.58,14.2 2 0
task-manager/internal/adapter/inbound/http/router.go:16.53,20.2 3 0
task-manager/internal/common/logger/logger.go:11.26,13.2 1 0
task-manager/internal/common/logger/logger.go:15.47,16.24 1 16
task-manager/internal/common/logger/logger.go:16.24,18.3 1 1
task-manager/internal/common/logger/logger.go:19.2,19.46 1 16
task-manager/internal/common/logger/logger.go:22.48,23.24 1 0
task-manager/internal/common/logger/logger.go:23.24,25.3 1 0
task-manager/internal/common/logger/logger.go:26.2,26.47 1 0
task-manager/internal/domain/status.go:29.32,30.11 1 0
task-manager/internal/domain/status.go:31.51,32.14 1 0
task-manager/internal/domain/status.go:34.2,34.14 1 0
task-manager/internal/domain/status.go:37.46,39.18 2 0
task-manager/internal/domain/status.go:39.18,41.3 1 0
task-manager/internal/domain/status.go:42.2,42.15 1 0
task-manager/internal/domain/status.go:45.35,47.2 1 0
task-manager/internal/domain/task.go:22.31,28.2 1 0
task-manager/internal/domain/task.go:30.30,31.25 1 0
task-manager/internal/domain/task.go:31.25,33.3 1 0
task-manager/internal/domain/task.go:34.2,37.12 4 0
task-manager/internal/domain/task.go:40.46,41.25 1 0
task-manager/internal/domain/task.go:41.25,43.3 1 0
task-manager/internal/domain/task.go:44.2,48.12 5 0
task-manager/internal/domain/task.go:52.38,53.25 1 0
task-manager/internal/domain/task.go:53.25,55.3 1 0
task-manager/internal/domain/task.go:56.2,61.12 6 0
task-manager/internal/domain/task.go:64.31,65.48 1 0
task-manager/internal/domain/task.go:65.48,67.3 1 0
task-manager/internal/domain/task.go:68.2,73.12 6 0
task-manager/internal/domain/task.go:76.41,77.24 1 0
task-manager/internal/domain/task.go:77.24,79.3 1 0
task-manager/internal/domain/task.go:80.2,80.25 1 0
task-manager/internal/domain/task.go:80.25,82.3 1 0
task-manager/internal/domain/task.go:83.2,83.39 1 0
